nohup: ignoring input
🚀 启动 3 个并行进程...
   Python: /home/suiyicheng/miniconda3/envs/openrca100/bin/python
   每任务跑 3 次，超时 900s，最大轮次 25

  t001-t034 (idx 0-33): PID=2978480, log=/home/suiyicheng/RCAFolder/OpenRCA_rca100/rca100_batch1.log
  t035-t068 (idx 34-67): PID=2978481, log=/home/suiyicheng/RCAFolder/OpenRCA_rca100/rca100_batch2.log
  t069-t103 (idx 68-102): PID=2978482, log=/home/suiyicheng/RCAFolder/OpenRCA_rca100/rca100_batch3.log

⏳ 等待全部完成...
   查看进度: tail -f rca100_batch*.log

  t001-t034 ❌ (exit 1)  (159.5 min)
  t035-t068 ❌ (exit 1)  (159.5 min)
  t069-t103 ❌ (exit 1)  (159.5 min)

✅ 全部完成! 总耗时: 159.5 分钟

📊 合并完成: /home/suiyicheng/RCAFolder/OpenRCA_rca100/test/result/rca100/agent-all.csv (228 行)

📈 结果统计:
  总样本数: 228
  独立任务数: 77
  平均分 (去重): 0.279
  满分 (1.0): 6
  半对 (0.5): 31
  全错 (0.0): 40
